<?xml version="1.0" encoding="UTF-8"?>
<testng-results ignored="0" total="1" passed="1" failed="0" skipped="0">
  <reporter-output>
  </reporter-output>
  <suite started-at="2025-06-23T21:16:09 IST" name="Default suite" finished-at="2025-06-23T21:16:18 IST" duration-ms="9287">
    <groups>
    </groups>
    <test started-at="2025-06-23T21:16:09 IST" name="Default test" finished-at="2025-06-23T21:16:18 IST" duration-ms="9287">
      <class name="ExtentReports.AssignmentJune23">
        <test-method signature="loginScreenShot()[pri:0, instance:ExtentReports.AssignmentJune23@4145bad8]" started-at="2025-06-23T21:16:09 IST" name="loginScreenShot" finished-at="2025-06-23T21:16:18 IST" duration-ms="9259" status="PASS">
          <reporter-output>
          </reporter-output>
        </test-method> <!-- loginScreenShot -->
      </class> <!-- ExtentReports.AssignmentJune23 -->
    </test> <!-- Default test -->
  </suite> <!-- Default suite -->
</testng-results>
