<?xml version="1.0" encoding="UTF-8"?>
<testng-results ignored="0" total="1" passed="1" failed="0" skipped="0">
  <reporter-output>
    <line>
      <![CDATA[Bajaj launched]]>
    </line>
  </reporter-output>
  <suite started-at="2025-07-03T12:16:04 IST" name="Default suite" finished-at="2025-07-03T12:16:23 IST" duration-ms="18420">
    <groups>
    </groups>
    <test started-at="2025-07-03T12:16:04 IST" name="Default test" finished-at="2025-07-03T12:16:23 IST" duration-ms="18420">
      <class name="Bikes.BajajTest">
        <test-method signature="launch()[pri:0, instance:Bikes.BajajTest@4145bad8]" started-at="2025-07-03T12:16:04 IST" name="launch" finished-at="2025-07-03T12:16:23 IST" duration-ms="18347" status="PASS">
          <reporter-output>
            <line>
              <![CDATA[Bajaj launched]]>
            </line>
          </reporter-output>
        </test-method> <!-- launch -->
      </class> <!-- Bikes.BajajTest -->
    </test> <!-- Default test -->
  </suite> <!-- Default suite -->
</testng-results>
